[debug] [2020-03-27T12:15:28.405Z] ----------------------------------------------------------------------
[debug] [2020-03-27T12:15:28.412Z] Command:       C:\Program Files\nodejs\node.exe C:\Users\user\AppData\Roaming\npm\node_modules\firebase-tools\lib\bin\firebase.js projects:list
[debug] [2020-03-27T12:15:28.412Z] CLI Version:   7.16.1
[debug] [2020-03-27T12:15:28.412Z] Platform:      win32
[debug] [2020-03-27T12:15:28.412Z] Node Version:  v11.5.0
[debug] [2020-03-27T12:15:28.520Z] Time:          Fri Mar 27 2020 13:15:28 GMT+0100 (West Africa Standard Time)
[debug] [2020-03-27T12:15:28.521Z] ----------------------------------------------------------------------
[debug] [2020-03-27T12:15:28.521Z] 
[debug] [2020-03-27T12:15:28.583Z] > command requires scopes: ["email","openid","https://www.googleapis.com/auth/cloudplatformprojects.readonly","https://www.googleapis.com/auth/firebase","https://www.googleapis.com/auth/cloud-platform"]
[debug] [2020-03-27T12:15:28.584Z] > authorizing via signed-in user
[debug] [2020-03-27T12:15:28.605Z] > refreshing access token with scopes: ["email","https://www.googleapis.com/auth/cloud-platform","https://www.googleapis.com/auth/cloudplatformprojects.readonly","https://www.googleapis.com/auth/firebase","openid"]
[debug] [2020-03-27T12:15:28.607Z] >>> HTTP REQUEST POST https://www.googleapis.com/oauth2/v3/token  
 <request body omitted>
[debug] [2020-03-27T12:17:02.267Z] Authentication Error: Your credentials are no longer valid. Please run firebase login --reauth

For CI servers and headless environments, generate a new token with firebase login:ci
[debug] [2020-03-27T12:17:03.847Z] FirebaseError: Authentication Error: Your credentials are no longer valid. Please run firebase login --reauth

For CI servers and headless environments, generate a new token with firebase login:ci
    at Object.<anonymous> (C:\Users\user\AppData\Roaming\npm\node_modules\firebase-tools\lib\auth.js:23:32)
    at Module._compile (internal/modules/cjs/loader.js:721:30)
    at Object.Module._extensions..js (internal/modules/cjs/loader.js:732:10)
    at Module.load (internal/modules/cjs/loader.js:620:32)
    at tryModuleLoad (internal/modules/cjs/loader.js:560:12)
    at Function.Module._load (internal/modules/cjs/loader.js:552:3)
    at Module.require (internal/modules/cjs/loader.js:657:17)
    at require (internal/modules/cjs/helpers.js:22:18)
    at Object.<anonymous> (C:\Users\user\AppData\Roaming\npm\node_modules\firebase-tools\lib\commands\login.js:8:12)
    at Module._compile (internal/modules/cjs/loader.js:721:30)
    at Object.Module._extensions..js (internal/modules/cjs/loader.js:732:10)
    at Module.load (internal/modules/cjs/loader.js:620:32)
    at tryModuleLoad (internal/modules/cjs/loader.js:560:12)
    at Function.Module._load (internal/modules/cjs/loader.js:552:3)
    at Module.require (internal/modules/cjs/loader.js:657:17)
    at require (internal/modules/cjs/helpers.js:22:18)
[error] 
[error] Error: Failed to list Firebase projects. See firebase-debug.log for more info.
